<?xml version="1.0" encoding="UTF-8"?>
<testsuite name="problem1.WriteTemplateFileTest" tests="1" skipped="0" failures="0" errors="0" timestamp="2022-07-28T03:13:19" hostname="MirandaMacBook.local" time="0.027">
  <properties/>
  <testcase name="testToString()" classname="problem1.WriteTemplateFileTest" time="0.027"/>
  <system-out><![CDATA[]]></system-out>
  <system-err><![CDATA[]]></system-err>
</testsuite>
