<?xml version="1.0" encoding="UTF-8"?>
<testsuite name="problem1.ReadInformationTest" tests="6" skipped="0" failures="0" errors="0" timestamp="2022-07-28T03:13:19" hostname="MirandaMacBook.local" time="0.167">
  <properties/>
  <testcase name="testToString()" classname="problem1.ReadInformationTest" time="0.1"/>
  <testcase name="testHashCode()" classname="problem1.ReadInformationTest" time="0.008"/>
  <testcase name="testEquals()" classname="problem1.ReadInformationTest" time="0.014"/>
  <testcase name="getListOfString()" classname="problem1.ReadInformationTest" time="0.006"/>
  <testcase name="getKeyWord2Index()" classname="problem1.ReadInformationTest" time="0.007"/>
  <testcase name="readTemplateFile()" classname="problem1.ReadInformationTest" time="0.024"/>
  <system-out><![CDATA[]]></system-out>
  <system-err><![CDATA[]]></system-err>
</testsuite>
