<?xml version="1.0" encoding="UTF-8"?>
<testsuite name="problem1.CommandLineParserTest" tests="5" skipped="0" failures="0" errors="0" timestamp="2022-07-28T03:13:19" hostname="MirandaMacBook.local" time="0.031">
  <properties/>
  <testcase name="getOutputPath()" classname="problem1.CommandLineParserTest" time="0.006"/>
  <testcase name="testToString()" classname="problem1.CommandLineParserTest" time="0.002"/>
  <testcase name="getEmailTemplate()" classname="problem1.CommandLineParserTest" time="0.002"/>
  <testcase name="getCsvFilePath()" classname="problem1.CommandLineParserTest" time="0.004"/>
  <testcase name="getLetterTemplate()" classname="problem1.CommandLineParserTest" time="0.004"/>
  <system-out><![CDATA[]]></system-out>
  <system-err><![CDATA[]]></system-err>
</testsuite>
